2025-07-29 17:42:28 [main] INFO  com.company.notification.Main - Starting notification system...
2025-07-29 18:25:21 [main] INFO  com.company.notification.Main - Starting notification system...
2025-07-29 21:29:05 [main] INFO  com.company.notification.Main - Starting notification system...
2025-07-29 21:31:53 [main] INFO  com.company.notification.Main - Starting notification system...
2025-07-29 21:38:50 [main] INFO  com.company.notification.Main - Starting notification system...
2025-07-30 08:53:37 [main] INFO  com.company.notification.Main - Starting notification system...
2025-07-30 09:02:09 [main] INFO  com.company.notification.Main - Starting notification system...
2025-07-30 09:07:35 [main] INFO  com.company.notification.Main - Starting notification system...
2025-07-30 09:12:46 [main] INFO  com.company.notification.Main - Starting notification system...
2025-07-30 09:20:20 [main] INFO  com.company.notification.Main - Starting notification system...
2025-07-30 10:04:59 [main] INFO  com.company.notification.Main - Starting notification system...
2025-07-30 12:53:57 [main] INFO  com.company.notification.Main - Starting notification system...
2025-07-30 13:10:38 [main] INFO  com.company.notification.Main - Starting notification system...
2025-07-30 13:17:05 [main] INFO  com.company.notification.Main - Starting notification system...
2025-07-30 13:20:42 [main] INFO  com.company.notification.Main - Starting notification system...
2025-07-30 13:22:15 [main] INFO  com.company.notification.Main - Starting notification system...
2025-07-30 13:37:38 [main] INFO  com.company.notification.Main - Starting notification system...
2025-07-30 13:38:38 [main] INFO  com.company.notification.Main - Starting notification system...
2025-07-30 13:39:56 [main] INFO  com.company.notification.Main - Starting notification system...
2025-07-30 13:40:01 [main] INFO  com.company.notification.Main - Starting notification system...
2025-07-30 13:40:51 [main] INFO  com.company.notification.Main - Starting notification system...
2025-07-30 13:50:48 [main] INFO  com.company.notification.Main - Starting notification system...
2025-07-30 14:08:06 [main] INFO  com.company.notification.Main - Starting notification system...
2025-07-30 14:08:14 [main] INFO  com.company.notification.Main - Starting notification system...
2025-07-30 14:10:49 [main] INFO  com.company.notification.Main - Starting notification system...
2025-07-30 14:10:54 [main] INFO  com.company.notification.Main - Starting notification system...
2025-07-30 14:16:57 [main] INFO  com.company.notification.Main - Starting notification system...
2025-07-30 14:30:26 [main] INFO  com.company.notification.Main - Starting notification system...
2025-07-30 14:35:38 [main] INFO  com.company.notification.Main - Starting notification system...
2025-07-30 14:35:45 [main] INFO  com.company.notification.Main - Starting notification system...
2025-07-30 14:35:52 [main] INFO  com.company.notification.Main - Starting notification system...
2025-07-30 14:36:00 [main] INFO  com.company.notification.Main - Starting notification system...
2025-07-30 14:42:44 [main] INFO  com.company.notification.Main - Starting notification system...
2025-07-30 14:47:18 [main] INFO  com.company.notification.Main - Starting notification system...
2025-07-30 14:53:50 [main] INFO  com.company.notification.Main - Starting notification system...
2025-07-30 15:04:41 [main] INFO  com.company.notification.Main - Starting notification system...
2025-07-30 15:14:15 [main] INFO  com.company.notification.Main - Starting notification system...
2025-07-30 15:30:20 [main] INFO  com.company.notification.Main - Starting notification system...
2025-07-30 15:46:04 [main] INFO  com.company.notification.Main - Starting notification system...
2025-07-30 16:29:01 [main] INFO  com.company.notification.Main - Starting notification system...
2025-07-30 16:29:05 [main] INFO  com.company.notification.Main - Starting notification system...
2025-07-30 16:29:44 [main] INFO  com.company.notification.Main - Starting notification system...
2025-07-30 16:31:07 [main] INFO  com.company.notification.Main - Starting notification system...
2025-07-30 16:31:11 [main] INFO  com.company.notification.Main - Starting notification system...
2025-07-30 16:31:28 [main] INFO  com.company.notification.Main - Starting notification system...
2025-07-30 16:32:03 [main] INFO  c.c.notification.menu.PublisherMenu - Published LOW priority task event from publisher: sahil
2025-07-30 17:13:23 [main] INFO  com.company.notification.Main - Starting notification system...
2025-07-30 17:39:08 [main] INFO  com.company.notification.Main - Starting notification system...
2025-07-30 17:42:54 [main] INFO  com.company.notification.Main - Starting notification system...
2025-07-30 17:43:02 [main] INFO  com.company.notification.Main - Starting notification system...
2025-07-30 17:44:13 [main] INFO  c.c.notification.menu.PublisherMenu - Published HIGH priority event from publisher: sahil
2025-07-30 17:44:17 [main] INFO  c.c.notification.menu.PublisherMenu - Exiting Publisher Menu for publisher: sahil
2025-07-30 17:47:08 [main] INFO  c.c.notification.menu.PublisherMenu - Published HIGH priority event from publisher: sahil
2025-07-30 17:47:31 [main] INFO  c.c.notification.menu.PublisherMenu - Exiting Publisher Menu for publisher: sahil
2025-07-30 17:56:46 [main] INFO  com.company.notification.Main - Starting notification system...
2025-07-30 17:56:55 [main] INFO  com.company.notification.Main - Starting notification system...
2025-07-30 17:57:04 [main] INFO  com.company.notification.Main - Starting notification system...
2025-07-30 17:57:14 [main] INFO  c.c.notification.menu.PublisherMenu - Exiting Publisher Menu for publisher: sahil
2025-07-30 17:58:22 [main] INFO  c.c.notification.menu.PublisherMenu - Published LOW priority task event from publisher: sahil
2025-07-30 17:58:37 [main] INFO  c.c.notification.menu.PublisherMenu - Published MEDIUM priority heartbeat event from publisher: sahil
2025-07-30 17:58:50 [main] INFO  c.c.notification.menu.PublisherMenu - Published HIGH priority event from publisher: sahil
2025-07-30 17:58:53 [main] INFO  c.c.notification.menu.PublisherMenu - Started reminder scheduler for publisher: sahil with interval: 1s
2025-07-30 17:59:16 [main] INFO  c.c.notification.menu.PublisherMenu - Stopped reminder scheduler for publisher: sahil
2025-07-30 18:01:37 [main] INFO  c.c.notification.menu.PublisherMenu - Exiting Publisher Menu for publisher: sahil
2025-07-30 19:26:13 [main] INFO  com.company.notification.Main - Starting notification system...
2025-07-30 19:26:19 [main] INFO  com.company.notification.Main - Starting notification system...
2025-07-31 10:34:02 [main] INFO  com.company.notification.Main - Starting notification system...
2025-07-31 10:38:01 [main] INFO  c.c.notification.menu.PublisherMenu - Published LOW priority task event from publisher: sahil
2025-07-31 10:38:39 [main] WARN  c.c.notification.menu.PublisherMenu - Cannot start reminder — no subscribers for publisher: sahil
2025-07-31 10:39:22 [main] INFO  c.c.notification.menu.PublisherMenu - Stopped reminder scheduler for publisher: sahil
2025-07-31 10:44:03 [main] INFO  c.c.notification.menu.PublisherMenu - Exiting Publisher Menu for publisher: sahil
2025-07-31 11:03:05 [main] WARN  c.c.notification.menu.PublisherMenu - Cannot start reminder — no subscribers for publisher: majid
2025-07-31 11:03:08 [main] INFO  c.c.notification.menu.PublisherMenu - Exiting Publisher Menu for publisher: majid
2025-07-31 11:04:14 [main] INFO  c.c.notification.menu.PublisherMenu - Started reminder scheduler for publisher: majid with interval: 3s
2025-07-31 11:04:29 [main] INFO  c.c.notification.menu.PublisherMenu - Published LOW priority task event from publisher: majid
2025-07-31 11:04:38 [main] INFO  c.c.notification.menu.PublisherMenu - Stopped reminder scheduler for publisher: majid
2025-07-31 11:04:47 [main] INFO  c.c.notification.menu.PublisherMenu - Started reminder scheduler for publisher: majid with interval: 2s
2025-07-31 11:04:50 [main] INFO  c.c.notification.menu.PublisherMenu - Exiting Publisher Menu for publisher: majid
2025-07-31 11:05:04 [main] INFO  c.c.notification.menu.PublisherMenu - Started reminder scheduler for publisher: sahil with interval: 1s
2025-07-31 11:05:07 [main] INFO  c.c.notification.menu.PublisherMenu - Exiting Publisher Menu for publisher: sahil
2025-07-31 11:07:48 [main] INFO  com.company.notification.Main - Starting notification system...
2025-07-31 11:07:55 [main] INFO  c.c.notification.menu.PublisherMenu - Exiting Publisher Menu for publisher: sahil
2025-07-31 11:08:03 [main] INFO  c.c.notification.menu.PublisherMenu - Exiting Publisher Menu for publisher: majid
2025-07-31 11:09:46 [main] INFO  c.c.notification.menu.PublisherMenu - Published LOW priority task event from publisher: sahil
2025-07-31 11:09:55 [main] INFO  c.c.notification.menu.PublisherMenu - Started reminder scheduler for publisher: sahil with interval: 3s
2025-07-31 11:09:58 [main] INFO  c.c.notification.menu.PublisherMenu - Exiting Publisher Menu for publisher: sahil
2025-07-31 11:10:15 [main] INFO  c.c.notification.menu.PublisherMenu - Published HIGH priority event from publisher: majid
2025-07-31 11:10:19 [main] INFO  c.c.notification.menu.PublisherMenu - Started reminder scheduler for publisher: majid with interval: 3s
2025-07-31 11:10:22 [main] INFO  c.c.notification.menu.PublisherMenu - Exiting Publisher Menu for publisher: majid
2025-07-31 11:22:02 [main] INFO  com.company.notification.Main - Starting notification system...
2025-07-31 11:22:34 [main] INFO  c.c.notification.menu.PublisherMenu - Published LOW priority task event from publisher: sahil
2025-07-31 11:22:46 [main] INFO  c.c.notification.menu.PublisherMenu - Scheduler does not exist for publisher: sahil
2025-07-31 11:22:52 [main] INFO  c.c.notification.menu.PublisherMenu - Exiting Publisher Menu for publisher: sahil
2025-07-31 11:33:43 [main] INFO  com.company.notification.Main - Starting notification system...
2025-07-31 11:33:50 [main] INFO  c.c.notification.menu.PublisherMenu - Exiting Publisher Menu for publisher: sahil
2025-07-31 11:34:31 [main] INFO  c.c.notification.menu.PublisherMenu - Started reminder scheduler for publisher: sahil with interval: 3s
2025-07-31 11:34:32 [main] INFO  c.c.notification.menu.PublisherMenu - Exiting Publisher Menu for publisher: sahil
2025-07-31 11:43:52 [main] INFO  com.company.notification.Main - Starting notification system...
2025-07-31 11:44:01 [main] INFO  c.c.notification.menu.PublisherMenu - Exiting Publisher Menu for publisher: sahil
2025-07-31 11:44:35 [main] INFO  c.c.notification.menu.PublisherMenu - Started reminder scheduler for publisher: sahil with interval: 3s
2025-07-31 11:44:37 [main] INFO  c.c.notification.menu.PublisherMenu - Exiting Publisher Menu for publisher: sahil
2025-07-31 11:46:33 [main] INFO  c.c.notification.menu.PublisherMenu - Stopped reminder scheduler for publisher: sahil
2025-07-31 11:46:41 [main] INFO  c.c.notification.menu.PublisherMenu - Started reminder scheduler for publisher: sahil with interval: 15s
2025-07-31 11:46:45 [main] INFO  c.c.notification.menu.PublisherMenu - Started reminder scheduler for publisher: sahil with interval: 15s
2025-07-31 11:47:12 [main] INFO  c.c.notification.menu.PublisherMenu - Exiting Publisher Menu for publisher: sahil
2025-07-31 12:20:20 [main] INFO  com.company.notification.Main - Starting notification system...
2025-07-31 12:20:27 [main] INFO  c.c.notification.menu.PublisherMenu - Exiting Publisher Menu for publisher: sahil
2025-07-31 12:20:55 [main] INFO  c.c.notification.menu.PublisherMenu - Exiting Publisher Menu for publisher: 2
2025-07-31 12:21:56 [main] INFO  c.c.notification.menu.PublisherMenu - Started reminder scheduler for publisher: sahil with interval: 10s
2025-07-31 12:22:04 [main] INFO  c.c.notification.menu.PublisherMenu - Exiting Publisher Menu for publisher: sahil
2025-07-31 12:31:23 [main] INFO  com.company.notification.Main - Starting notification system...
2025-07-31 12:31:33 [main] INFO  c.c.notification.menu.PublisherMenu - Exiting Publisher Menu for publisher: sahil
2025-07-31 12:32:39 [main] INFO  c.c.notification.menu.PublisherMenu - Started reminder scheduler for publisher: sahil with interval: 5s
2025-07-31 12:33:22 [main] INFO  c.c.notification.menu.PublisherMenu - Exiting Publisher Menu for publisher: sahil
2025-07-31 13:23:00 [main] INFO  com.company.notification.Main - Starting notification system...
2025-07-31 13:23:51 [main] INFO  c.c.notification.menu.PublisherMenu - Published LOW priority task event from publisher: sahil
2025-07-31 13:23:54 [main] INFO  c.c.notification.menu.PublisherMenu - Exiting Publisher Menu for publisher: sahil
2025-07-31 14:37:29 [main] INFO  com.company.notification.Main - Starting notification system...
2025-07-31 14:37:54 [main] INFO  c.c.notification.menu.PublisherMenu - Published LOW priority task event from publisher: sahil
2025-07-31 14:38:02 [main] INFO  c.c.notification.menu.PublisherMenu - Exiting Publisher Menu for publisher: sahil
2025-07-31 15:16:00 [main] INFO  com.company.notification.Main - Starting notification system...
2025-07-31 15:16:05 [main] INFO  com.company.notification.Main - Starting notification system...
2025-07-31 15:16:36 [main] INFO  c.c.notification.menu.PublisherMenu - Published LOW priority task event from publisher: sahil
2025-07-31 15:16:39 [main] INFO  c.c.notification.menu.PublisherMenu - Exiting Publisher Menu for publisher: sahil
2025-07-31 15:22:35 [main] INFO  com.company.notification.Main - Starting notification system...
2025-07-31 15:22:53 [main] INFO  c.c.notification.menu.PublisherMenu - Published MEDIUM priority heartbeat event from publisher: 1
2025-07-31 15:22:56 [main] INFO  c.c.notification.menu.PublisherMenu - Exiting Publisher Menu for publisher: 1
2025-07-31 16:02:03 [main] INFO  com.company.notification.Main - Starting notification system...
2025-07-31 16:02:12 [main] INFO  c.c.notification.menu.PublisherMenu - Exiting Publisher Menu for publisher: sahil
2025-07-31 16:02:22 [main] INFO  c.c.notification.menu.PublisherMenu - Exiting Publisher Menu for publisher: majid
2025-07-31 16:02:32 [main] INFO  c.c.notification.menu.PublisherMenu - Exiting Publisher Menu for publisher: sajid
2025-07-31 16:04:52 [main] INFO  c.c.notification.menu.PublisherMenu - Published LOW priority task event from publisher: sajid
2025-07-31 16:05:03 [main] INFO  c.c.notification.menu.PublisherMenu - Published HIGH priority event from publisher: sajid
2025-07-31 16:05:11 [main] INFO  c.c.notification.menu.PublisherMenu - Started reminder scheduler for publisher: sajid with interval: 10s
2025-07-31 16:05:17 [main] INFO  c.c.notification.menu.PublisherMenu - Exiting Publisher Menu for publisher: sajid
2025-07-31 16:05:38 [main] INFO  c.c.notification.menu.PublisherMenu - Published HIGH priority event from publisher: sajid
2025-07-31 16:05:41 [main] INFO  c.c.notification.menu.PublisherMenu - Scheduler already exists for publisher: sajid
2025-07-31 16:05:52 [main] INFO  c.c.notification.menu.PublisherMenu - Published LOW priority task event from publisher: sajid
2025-07-31 16:06:25 [main] INFO  c.c.notification.menu.PublisherMenu - Scheduler already exists for publisher: sajid
2025-07-31 16:06:32 [main] INFO  c.c.notification.menu.PublisherMenu - Exiting Publisher Menu for publisher: sajid
2025-07-31 16:06:44 [main] INFO  c.c.notification.menu.PublisherMenu - Exiting Publisher Menu for publisher: sajid
2025-07-31 16:07:00 [main] INFO  c.c.notification.menu.PublisherMenu - Published MEDIUM priority heartbeat event from publisher: majid
2025-07-31 16:07:06 [main] INFO  c.c.notification.menu.PublisherMenu - Started reminder scheduler for publisher: majid with interval: 5s
2025-07-31 16:07:17 [main] INFO  c.c.notification.menu.PublisherMenu - Exiting Publisher Menu for publisher: majid
2025-07-31 16:08:24 [main] INFO  c.c.notification.menu.PublisherMenu - Started reminder scheduler for publisher: sahil with interval: 10s
2025-07-31 16:08:33 [main] INFO  c.c.notification.menu.PublisherMenu - Exiting Publisher Menu for publisher: sahil
2025-07-31 16:08:42 [main] INFO  c.c.notification.menu.PublisherMenu - Scheduler already exists for publisher: sajid
2025-07-31 16:08:46 [main] INFO  c.c.notification.menu.PublisherMenu - Stopped reminder scheduler for publisher: sajid
2025-07-31 16:08:48 [main] INFO  c.c.notification.menu.PublisherMenu - Exiting Publisher Menu for publisher: sajid
2025-07-31 16:09:19 [main] INFO  c.c.notification.menu.PublisherMenu - Stopped reminder scheduler for publisher: majid
2025-07-31 16:09:22 [main] INFO  c.c.notification.menu.PublisherMenu - Exiting Publisher Menu for publisher: majid
2025-07-31 16:09:32 [main] INFO  c.c.notification.menu.PublisherMenu - Stopped reminder scheduler for publisher: sahil
2025-07-31 16:09:39 [main] INFO  c.c.notification.menu.PublisherMenu - Exiting Publisher Menu for publisher: sahil
2025-07-31 16:17:39 [main] INFO  com.company.notification.Main - Starting notification system...
2025-07-31 16:17:50 [main] INFO  c.c.notification.menu.PublisherMenu - Exiting Publisher Menu for publisher: sahil
2025-07-31 16:18:05 [main] INFO  c.c.notification.menu.PublisherMenu - Exiting Publisher Menu for publisher: sajid
2025-07-31 16:20:49 [main] INFO  c.c.notification.menu.PublisherMenu - Started reminder scheduler for publisher: sahil with interval: 8s
2025-07-31 16:20:53 [main] INFO  c.c.notification.menu.PublisherMenu - Exiting Publisher Menu for publisher: sahil
2025-07-31 16:21:01 [main] INFO  c.c.notification.menu.PublisherMenu - Started reminder scheduler for publisher: sajid with interval: 8s
2025-07-31 16:21:12 [main] INFO  c.c.notification.menu.PublisherMenu - Published HIGH priority event from publisher: sajid
2025-07-31 16:21:21 [main] INFO  c.c.notification.menu.PublisherMenu - Published LOW priority task event from publisher: sajid
2025-07-31 16:21:23 [main] INFO  c.c.notification.menu.PublisherMenu - Exiting Publisher Menu for publisher: sajid
2025-07-31 16:21:48 [main] INFO  c.c.notification.menu.PublisherMenu - Published HIGH priority event from publisher: sahil
2025-07-31 16:22:05 [main] INFO  c.c.notification.menu.PublisherMenu - Published LOW priority task event from publisher: sahil
2025-07-31 16:22:17 [main] INFO  c.c.notification.menu.PublisherMenu - Stopped reminder scheduler for publisher: sahil
2025-07-31 16:22:19 [main] INFO  c.c.notification.menu.PublisherMenu - Exiting Publisher Menu for publisher: sahil
2025-07-31 16:22:28 [main] INFO  c.c.notification.menu.PublisherMenu - Scheduler already exists for publisher: sajid
2025-07-31 16:22:32 [main] INFO  c.c.notification.menu.PublisherMenu - Stopped reminder scheduler for publisher: sajid
2025-07-31 16:22:34 [main] INFO  c.c.notification.menu.PublisherMenu - Exiting Publisher Menu for publisher: sajid
2025-07-31 16:52:05 [main] INFO  com.company.notification.Main - Starting notification system...
2025-07-31 16:52:20 [main] INFO  c.c.notification.menu.PublisherMenu - Exiting Publisher Menu for publisher: sahil
2025-07-31 16:53:06 [main] INFO  c.c.notification.menu.PublisherMenu - Started reminder scheduler for publisher: sahil with interval: 10s
2025-07-31 16:53:10 [main] INFO  c.c.notification.menu.PublisherMenu - Exiting Publisher Menu for publisher: sahil
2025-07-31 16:54:18 [main] INFO  c.c.notification.menu.PublisherMenu - Exiting Publisher Menu for publisher: test
2025-07-31 16:54:51 [main] INFO  c.c.notification.menu.PublisherMenu - Started reminder scheduler for publisher: test with interval: 10s
2025-07-31 16:54:55 [main] INFO  c.c.notification.menu.PublisherMenu - Exiting Publisher Menu for publisher: test
2025-07-31 16:56:38 [main] INFO  c.c.notification.menu.PublisherMenu - Published HIGH priority event from publisher: sahil
2025-07-31 16:56:43 [main] INFO  c.c.notification.menu.PublisherMenu - Stopped reminder scheduler for publisher: sahil
2025-07-31 16:56:47 [main] INFO  c.c.notification.menu.PublisherMenu - Scheduler does not exist for publisher: sahil
2025-07-31 16:56:48 [main] INFO  c.c.notification.menu.PublisherMenu - Exiting Publisher Menu for publisher: sahil
2025-07-31 17:10:29 [main] INFO  com.company.notification.Main - Starting notification system...
2025-07-31 17:10:39 [main] INFO  c.c.notification.menu.PublisherMenu - Exiting Publisher Menu for publisher: sahil
2025-07-31 17:11:04 [main] INFO  c.c.notification.menu.PublisherMenu - Started reminder scheduler for publisher: sahil with interval: 10s
2025-07-31 17:11:26 [main] INFO  c.c.notification.menu.PublisherMenu - Published LOW priority task event from publisher: sahil
2025-07-31 17:14:39 [main] INFO  com.company.notification.Main - Starting notification system...
2025-07-31 17:14:43 [main] INFO  com.company.notification.Main - Starting notification system...
2025-07-31 17:14:58 [main] INFO  c.c.notification.menu.PublisherMenu - Exiting Publisher Menu for publisher: sahil
2025-07-31 17:22:41 [main] INFO  c.c.notification.menu.PublisherMenu - Published HIGH priority event from publisher: sahil
